<?xml version="1.0" encoding="UTF-8"?>
<testsuite name="com.assignment.ktserver.CategorySpec" tests="2" skipped="0" failures="0" errors="0" timestamp="2023-02-05T07:16:22" hostname="BingBong-EX-MAC-2.local" time="0.003">
  <properties/>
  <testcase name="유효하지 않은 케이스" classname="com.assignment.ktserver.CategorySpec" time="0.001"/>
  <testcase name="유효한 케이스" classname="com.assignment.ktserver.CategorySpec" time="0.001"/>
  <system-out><![CDATA[]]></system-out>
  <system-err><![CDATA[]]></system-err>
</testsuite>
