<?xml version="1.0" encoding="UTF-8"?>
<testsuite name="com.assignment.ktserver.EndToEndTest" tests="11" skipped="0" failures="0" errors="0" timestamp="2023-02-05T07:16:37" hostname="BingBong-EX-MAC-2.local" time="0.399">
  <properties/>
  <testcase name="카테고리 전체 조회 404 NotFound()" classname="com.assignment.ktserver.EndToEndTest" time="0.106"/>
  <testcase name="카테고리 생성 400 유효하지 않은 이름()" classname="com.assignment.ktserver.EndToEndTest" time="0.023"/>
  <testcase name="카테고리 단건 조회 200 OK()" classname="com.assignment.ktserver.EndToEndTest" time="0.1"/>
  <testcase name="부모 카테고리 등록 204 성공()" classname="com.assignment.ktserver.EndToEndTest" time="0.031"/>
  <testcase name="카테고리 리소스 자식 카테고리 삭제 204 성공()" classname="com.assignment.ktserver.EndToEndTest" time="0.019"/>
  <testcase name="카테고리 리소스 부모 카테고리 삭제 204 성공()" classname="com.assignment.ktserver.EndToEndTest" time="0.014"/>
  <testcase name="부모 카테고리 순환참조 방지 409 conflict()" classname="com.assignment.ktserver.EndToEndTest" time="0.017"/>
  <testcase name="카테고리 전체 조회 200 OK()" classname="com.assignment.ktserver.EndToEndTest" time="0.041"/>
  <testcase name="카테고리 리소스 404 NOT FOUND 삭제할 카테고리가 존재하지 않음()" classname="com.assignment.ktserver.EndToEndTest" time="0.006"/>
  <testcase name="카테고리 201 생성()" classname="com.assignment.ktserver.EndToEndTest" time="0.006"/>
  <testcase name="카테고리 메타정보 업데이트 204 성공()" classname="com.assignment.ktserver.EndToEndTest" time="0.011"/>
  <system-out><![CDATA[2023-02-05 16:16:37.495  INFO 31644 --- [    Test worker] .b.t.c.SpringBootTestContextBootstrapper : Neither @ContextConfiguration nor @ContextHierarchy found for test class [com.assignment.ktserver.EndToEndTest], using SpringBootContextLoader
2023-02-05 16:16:37.495  INFO 31644 --- [    Test worker] o.s.t.c.support.AbstractContextLoader    : Could not detect default resource locations for test class [com.assignment.ktserver.EndToEndTest]: no resource found for suffixes {-context.xml, Context.groovy}.
2023-02-05 16:16:37.497  INFO 31644 --- [    Test worker] .b.t.c.SpringBootTestContextBootstrapper : Loaded default TestExecutionListener class names from location [META-INF/spring.factories]: [org.springframework.boot.test.autoconfigure.restdocs.RestDocsTestExecutionListener, org.springframework.boot.test.autoconfigure.web.client.MockRestServiceServerResetTestExecutionListener, org.springframework.boot.test.autoconfigure.web.servlet.MockMvcPrintOnlyOnFailureTestExecutionListener, org.springframework.boot.test.autoconfigure.web.servlet.WebDriverTestExecutionListener, org.springframework.boot.test.autoconfigure.webservices.client.MockWebServiceServerTestExecutionListener, org.springframework.boot.test.mock.mockito.MockitoTestExecutionListener, org.springframework.boot.test.mock.mockito.ResetMocksTestExecutionListener, org.springframework.test.context.web.ServletTestExecutionListener, org.springframework.test.context.support.DirtiesContextBeforeModesTestExecutionListener, org.springframework.test.context.event.ApplicationEventsTestExecutionListener, org.springframework.test.context.support.DependencyInjectionTestExecutionListener, org.springframework.test.context.support.DirtiesContextTestExecutionListener, org.springframework.test.context.transaction.TransactionalTestExecutionListener, org.springframework.test.context.jdbc.SqlScriptsTestExecutionListener, org.springframework.test.context.event.EventPublishingTestExecutionListener]
2023-02-05 16:16:37.498  INFO 31644 --- [    Test worker] .b.t.c.SpringBootTestContextBootstrapper : Using TestExecutionListeners: [org.springframework.test.context.support.DirtiesContextBeforeModesTestExecutionListener@3f5f79d8, org.springframework.test.context.event.ApplicationEventsTestExecutionListener@5dc1597f, org.springframework.boot.test.mock.mockito.MockitoTestExecutionListener@11896af6, org.springframework.boot.test.autoconfigure.SpringBootDependencyInjectionTestExecutionListener@6b6e2c83, org.springframework.test.context.support.DirtiesContextTestExecutionListener@2fbb098f, org.springframework.test.context.transaction.TransactionalTestExecutionListener@7866a7a6, org.springframework.test.context.jdbc.SqlScriptsTestExecutionListener@2262bc86, org.springframework.test.context.event.EventPublishingTestExecutionListener@3872867d, org.springframework.boot.test.autoconfigure.restdocs.RestDocsTestExecutionListener@4f72078d, org.springframework.boot.test.autoconfigure.web.client.MockRestServiceServerResetTestExecutionListener@2e4d252, org.springframework.boot.test.autoconfigure.web.servlet.MockMvcPrintOnlyOnFailureTestExecutionListener@3555d804, org.springframework.boot.test.autoconfigure.web.servlet.WebDriverTestExecutionListener@19b8f1bd, org.springframework.boot.test.autoconfigure.webservices.client.MockWebServiceServerTestExecutionListener@46a9c368, org.springframework.boot.test.mock.mockito.ResetMocksTestExecutionListener@62fbefad]
]]></system-out>
  <system-err><![CDATA[]]></system-err>
</testsuite>
